<?xml version="1.0" encoding="UTF-8"?>
<!-- Generated by org.testng.reporters.JUnitXMLReporter -->
<testsuite ignored="0" hostname="DESKTOP-SSUFFAA" failures="0" tests="10" name="Default test" time="4.724" errors="0" timestamp="2025-06-05T15:05:14 IST">
  <testcase classname="tests.BookstoreAdditionalScenarios" name="testCreateBook" time="0.324"/>
  <testcase classname="tests.BookstoreAdditionalScenarios" name="testGetAllBooks" time="0.08"/>
  <testcase classname="tests.BookstoreAdditionalScenarios" name="testGetBookById" time="0.122"/>
  <testcase classname="tests.BookstoreAdditionalScenarios" name="testUpdateBook" time="0.073"/>
  <testcase classname="tests.BookstoreAdditionalScenarios" name="testDeleteBook" time="0.024"/>
  <testcase classname="tests.BookstoreAdditionalScenarios" name="testUnauthorizedCreateBook" time="0.014"/>
  <testcase classname="tests.BookstoreAdditionalScenarios" name="testCreateBookWithMissingFields" time="0.018"/>
  <testcase classname="tests.BookstoreAdditionalScenarios" name="testGetBookByInvalidId" time="0.014"/>
  <testcase classname="tests.BookstoreAdditionalScenarios" name="testDeleteBookTwice" time="0.035"/>
  <testcase classname="tests.BookstoreAdditionalScenarios" name="testUpdateBookWithInvalidData" time="0.02"/>
</testsuite> <!-- Default test -->
