<?xml version="1.0" encoding="UTF-8"?>
<!-- Generated by org.testng.reporters.JUnitXMLReporter -->
<testsuite ignored="0" hostname="DESKTOP-SSUFFAA" failures="0" tests="10" name="Default test" time="4.269" errors="0" timestamp="2025-06-05T14:55:09 IST">
  <testcase classname="tests.BookstoreAdditionalScenarios" name="testCreateBook" time="0.29"/>
  <testcase classname="tests.BookstoreAdditionalScenarios" name="testGetAllBooks" time="0.057"/>
  <testcase classname="tests.BookstoreAdditionalScenarios" name="testGetBookById" time="0.054"/>
  <testcase classname="tests.BookstoreAdditionalScenarios" name="testUpdateBook" time="0.057"/>
  <testcase classname="tests.BookstoreAdditionalScenarios" name="testDeleteBook" time="0.046"/>
  <testcase classname="tests.BookstoreAdditionalScenarios" name="testUnauthorizedCreateBook" time="0.02"/>
  <testcase classname="tests.BookstoreAdditionalScenarios" name="testCreateBookWithMissingFields" time="0.021"/>
  <testcase classname="tests.BookstoreAdditionalScenarios" name="testGetBookByInvalidId" time="0.023"/>
  <testcase classname="tests.BookstoreAdditionalScenarios" name="testDeleteBookTwice" time="0.045"/>
  <testcase classname="tests.BookstoreAdditionalScenarios" name="testUpdateBookWithInvalidData" time="0.02"/>
</testsuite> <!-- Default test -->
