<?xml version="1.0" encoding="UTF-8"?>
<testng-results ignored="0" total="1" passed="1" failed="0" skipped="0">
  <reporter-output>
  </reporter-output>
  <suite started-at="2025-05-30T16:51:58 IST" name="Default suite" finished-at="2025-05-30T16:52:01 IST" duration-ms="3389">
    <groups>
    </groups>
    <test started-at="2025-05-30T16:51:58 IST" name="Default test" finished-at="2025-05-30T16:52:01 IST" duration-ms="3389">
      <class name="tests.PutPatchDeleteExample">
        <test-method signature="testDelete()[pri:0, instance:tests.PutPatchDeleteExample@5b8dfcc1]" started-at="2025-05-30T16:51:58 IST" name="testDelete" finished-at="2025-05-30T16:52:01 IST" duration-ms="3327" status="PASS">
          <reporter-output>
          </reporter-output>
        </test-method> <!-- testDelete -->
      </class> <!-- tests.PutPatchDeleteExample -->
    </test> <!-- Default test -->
  </suite> <!-- Default suite -->
</testng-results>
