<?xml version="1.0" encoding="UTF-8"?>
<testng-results ignored="0" total="10" passed="10" failed="0" skipped="0">
  <reporter-output>
  </reporter-output>
  <suite started-at="2025-06-05T15:05:09 IST" name="Default suite" finished-at="2025-06-05T15:05:14 IST" duration-ms="4724">
    <groups>
    </groups>
    <test started-at="2025-06-05T15:05:09 IST" name="Default test" finished-at="2025-06-05T15:05:14 IST" duration-ms="4724">
      <class name="tests.BookstoreAdditionalScenarios">
        <test-method is-config="true" signature="signupAndLogin()[pri:0, instance:tests.BookstoreAdditionalScenarios@50378a4]" started-at="2025-06-05T15:05:09 IST" name="signupAndLogin" finished-at="2025-06-05T15:05:13 IST" duration-ms="3693" status="PASS">
          <reporter-output>
          </reporter-output>
        </test-method> <!-- signupAndLogin -->
        <test-method signature="testCreateBook()[pri:1, instance:tests.BookstoreAdditionalScenarios@50378a4]" started-at="2025-06-05T15:05:13 IST" name="testCreateBook" finished-at="2025-06-05T15:05:13 IST" duration-ms="324" status="PASS">
          <reporter-output>
          </reporter-output>
        </test-method> <!-- testCreateBook -->
        <test-method signature="testGetAllBooks()[pri:2, instance:tests.BookstoreAdditionalScenarios@50378a4]" started-at="2025-06-05T15:05:13 IST" name="testGetAllBooks" finished-at="2025-06-05T15:05:13 IST" depends-on-methods="tests.BookstoreAdditionalScenarios.testCreateBook" duration-ms="80" status="PASS">
          <reporter-output>
          </reporter-output>
        </test-method> <!-- testGetAllBooks -->
        <test-method signature="testGetBookById()[pri:3, instance:tests.BookstoreAdditionalScenarios@50378a4]" started-at="2025-06-05T15:05:13 IST" name="testGetBookById" finished-at="2025-06-05T15:05:13 IST" depends-on-methods="tests.BookstoreAdditionalScenarios.testCreateBook" duration-ms="122" status="PASS">
          <reporter-output>
          </reporter-output>
        </test-method> <!-- testGetBookById -->
        <test-method signature="testUpdateBook()[pri:4, instance:tests.BookstoreAdditionalScenarios@50378a4]" started-at="2025-06-05T15:05:13 IST" name="testUpdateBook" finished-at="2025-06-05T15:05:13 IST" depends-on-methods="tests.BookstoreAdditionalScenarios.testCreateBook" duration-ms="73" status="PASS">
          <reporter-output>
          </reporter-output>
        </test-method> <!-- testUpdateBook -->
        <test-method signature="testDeleteBook()[pri:5, instance:tests.BookstoreAdditionalScenarios@50378a4]" started-at="2025-06-05T15:05:13 IST" name="testDeleteBook" finished-at="2025-06-05T15:05:13 IST" depends-on-methods="tests.BookstoreAdditionalScenarios.testCreateBook" duration-ms="24" status="PASS">
          <reporter-output>
          </reporter-output>
        </test-method> <!-- testDeleteBook -->
        <test-method signature="testUnauthorizedCreateBook()[pri:6, instance:tests.BookstoreAdditionalScenarios@50378a4]" started-at="2025-06-05T15:05:13 IST" name="testUnauthorizedCreateBook" finished-at="2025-06-05T15:05:13 IST" duration-ms="14" status="PASS">
          <reporter-output>
          </reporter-output>
        </test-method> <!-- testUnauthorizedCreateBook -->
        <test-method signature="testCreateBookWithMissingFields()[pri:7, instance:tests.BookstoreAdditionalScenarios@50378a4]" started-at="2025-06-05T15:05:13 IST" name="testCreateBookWithMissingFields" finished-at="2025-06-05T15:05:13 IST" duration-ms="18" status="PASS">
          <reporter-output>
          </reporter-output>
        </test-method> <!-- testCreateBookWithMissingFields -->
        <test-method signature="testGetBookByInvalidId()[pri:8, instance:tests.BookstoreAdditionalScenarios@50378a4]" started-at="2025-06-05T15:05:13 IST" name="testGetBookByInvalidId" finished-at="2025-06-05T15:05:13 IST" duration-ms="14" status="PASS">
          <reporter-output>
          </reporter-output>
        </test-method> <!-- testGetBookByInvalidId -->
        <test-method signature="testDeleteBookTwice()[pri:9, instance:tests.BookstoreAdditionalScenarios@50378a4]" started-at="2025-06-05T15:05:13 IST" name="testDeleteBookTwice" finished-at="2025-06-05T15:05:13 IST" duration-ms="35" status="PASS">
          <reporter-output>
          </reporter-output>
        </test-method> <!-- testDeleteBookTwice -->
        <test-method signature="testUpdateBookWithInvalidData()[pri:10, instance:tests.BookstoreAdditionalScenarios@50378a4]" started-at="2025-06-05T15:05:14 IST" name="testUpdateBookWithInvalidData" finished-at="2025-06-05T15:05:14 IST" duration-ms="20" status="PASS">
          <reporter-output>
          </reporter-output>
        </test-method> <!-- testUpdateBookWithInvalidData -->
      </class> <!-- tests.BookstoreAdditionalScenarios -->
    </test> <!-- Default test -->
  </suite> <!-- Default suite -->
</testng-results>
